<?xml version="1.0" encoding="UTF-8"?><testsuite name="nosetests" tests="20" errors="0" failures="0" skip="3"><testcase classname="tests.lisa.test_energy_model.TestBiggestCpus" name="test_biggest_cpus" time="0.000"></testcase><testcase classname="tests.lisa.test_energy_model.TestEnergyEst" name="test_all_idle" time="0.000"></testcase><testcase classname="tests.lisa.test_energy_model.TestEnergyEst" name="test_all_overutilized" time="0.000"></testcase><testcase classname="tests.lisa.test_energy_model.TestEnergyEst" name="test_one_little_half_lowest" time="0.000"></testcase><testcase classname="tests.lisa.test_energy_model.TestFreqs" name="test_freq_domains" time="0.000"></testcase><testcase classname="tests.lisa.test_energy_model.TestFreqs" name="test_high_util_fastest" time="0.000"></testcase><testcase classname="tests.lisa.test_energy_model.TestFreqs" name="test_middle_freq" time="0.000"></testcase><testcase classname="tests.lisa.test_energy_model.TestFreqs" name="test_zero_util_slowest" time="0.000"></testcase><testcase classname="tests.lisa.test_energy_model.TestIdleIdxs" name="test_all_cpus_used" time="0.000"></testcase><testcase classname="tests.lisa.test_energy_model.TestIdleIdxs" name="test_one_cpu_per_cluster" time="0.000"></testcase><testcase classname="tests.lisa.test_energy_model.TestIdleIdxs" name="test_single_cpu_used" time="0.000"></testcase><testcase classname="tests.lisa.test_energy_model.TestIdleIdxs" name="test_zero_util_deepest" time="0.000"></testcase><testcase classname="tests.lisa.test_energy_model.TestIdleStates" name="test_all_cpus_used" time="0.000"></testcase><testcase classname="tests.lisa.test_energy_model.TestIdleStates" name="test_one_cpu_per_cluster" time="0.000"></testcase><testcase classname="tests.lisa.test_energy_model.TestIdleStates" name="test_single_cpu_used" time="0.000"></testcase><testcase classname="tests.lisa.test_energy_model.TestIdleStates" name="test_zero_util_deepest" time="0.000"></testcase><testcase classname="tests.lisa.test_energy_model.TestMaxCap" name="test_max_cap" time="0.000"></testcase><testcase classname="tests.lisa.test_energy_model.TestOptimalPlacement" name="test_packing" time="0.000"><skipped type="unittest.case.SkipTest" message="No worky"><![CDATA[SkipTest: No worky
]]></skipped></testcase><testcase classname="tests.lisa.test_energy_model.TestOptimalPlacement" name="test_single_big" time="0.000"><skipped type="unittest.case.SkipTest" message="No worky"><![CDATA[SkipTest: No worky
]]></skipped></testcase><testcase classname="tests.lisa.test_energy_model.TestOptimalPlacement" name="test_single_small" time="0.000"><skipped type="unittest.case.SkipTest" message="No worky"><![CDATA[SkipTest: No worky
]]></skipped></testcase></testsuite>